[02/15/15 22:29:33 <module> ./bild.py:14 bilder.py:123] platform=darwin
[02/15/15 22:29:33 <module> ./bild.py:14 bilder.py:124] jdk={'1.6': '/System/Library/Java/JavaVirtualMachines/1.6.0.jdk/Contents/Home', '1.7': '/Library/Java/JavaVirtualMachines/jdk1.7.0_75.jdk/Contents/Home', '1.8': '/Library/Java/JavaVirtualMachines/jdk1.8.0_31.jdk/Contents/Home'}
[02/15/15 22:29:33] require init
[02/15/15 22:29:33 require ./bild.py:34 bilder.py:421] require init
[02/15/15 22:29:33] build all
[02/15/15 22:29:33 require ./bild.py:34 bilder.py:429] build all
[02/15/15 22:29:33] require mkjar
[02/15/15 22:29:33 require ./bild.py:29 bilder.py:421] require mkjar
[02/15/15 22:29:33] require compile
[02/15/15 22:29:33 require ./bild.py:25 bilder.py:421] require compile
[02/15/15 22:29:33] require init
[02/15/15 22:29:33 require ./bild.py:20 bilder.py:421] require init
[02/15/15 22:29:35 javac ./bild.py:21 bilder.py:503] 1.8.0_31
[02/15/15 22:29:35 javac ./bild.py:21 bilder.py:511] javac -d /Users/keertisekharsahoo/Documents/PrinciplesOfSoftwareDevelopment/CS601/kssahoo-graph/out -cp src:/tmp/junit-4.10.jar /Users/keertisekharsahoo/Documents/PrinciplesOfSoftwareDevelopment/CS601/kssahoo-graph/src/main/java/cs601/graph/NamedNode.java /Users/keertisekharsahoo/Documents/PrinciplesOfSoftwareDevelopment/CS601/kssahoo-graph/src/main/java/cs601/graph/Lexer.java /Users/keertisekharsahoo/Documents/PrinciplesOfSoftwareDevelopment/CS601/kssahoo-graph/src/main/java/cs601/graph/Node.java /Users/keertisekharsahoo/Documents/PrinciplesOfSoftwareDevelopment/CS601/kssahoo-graph/src/main/java/cs601/graph/UnweightedGraph.java /Users/keertisekharsahoo/Documents/PrinciplesOfSoftwareDevelopment/CS601/kssahoo-graph/src/main/java/cs601/graph/Graph.java /Users/keertisekharsahoo/Documents/PrinciplesOfSoftwareDevelopment/CS601/kssahoo-graph/src/main/java/cs601/graph/Parser.java /Users/keertisekharsahoo/Documents/PrinciplesOfSoftwareDevelopment/CS601/kssahoo-graph/src/main/java/cs601/graph/Token.java
[02/15/15 22:29:38 javac ./bild.py:21 bilder.py:511] Note: /Users/keertisekharsahoo/Documents/PrinciplesOfSoftwareDevelopment/CS601/kssahoo-graph/src/main/java/cs601/graph/Parser.java uses unchecked or unsafe operations.
Note: Recompile with -Xlint:unchecked for details.
[02/15/15 22:29:38 javac ./bild.py:22 bilder.py:503] 1.8.0_31
[02/15/15 22:29:38 javac ./bild.py:22 bilder.py:511] javac -d /Users/keertisekharsahoo/Documents/PrinciplesOfSoftwareDevelopment/CS601/kssahoo-graph/out -cp out:/tmp/junit-4.10.jar /Users/keertisekharsahoo/Documents/PrinciplesOfSoftwareDevelopment/CS601/kssahoo-graph/test/cs601/graph/TestGraph.java
[02/15/15 22:29:39] build mkjar
[02/15/15 22:29:39 require ./bild.py:25 bilder.py:429] build mkjar
[02/15/15 22:29:40] build test
[02/15/15 22:29:40 require ./bild.py:29 bilder.py:429] build test
[02/15/15 22:29:40 junit_runner ./bild.py:31 bilder.py:631] ############# UNIT TESTS ######################
[02/15/15 22:29:40 junit_runner ./bild.py:31 bilder.py:636] java -cp lib/graph-tests.jar:dist/graph.jar:/tmp/junit-4.10.jar::/Users/keertisekharsahoo/.bild/jars/hamcrest-core-1.3.jar:/Users/keertisekharsahoo/.bild/jars/junit-4.11.jar:/Users/keertisekharsahoo/.bild/jars/bild-junit.jar org.bild.JUnitLauncher cs601.graph.TestGraph
[02/15/15 22:29:40 junit_runner ./bild.py:31 bilder.py:646] cs601.graph.TestGraph: 5 tests, 0 failures
